<?xml version="1.0" encoding="UTF-8"?>
<!-- Generated by org.testng.reporters.JUnitReportReporter -->
<testsuite skipped="0" hostname="User" name="TestRestRunner.TestRunnerPost" tests="2" failures="0" timestamp="18 Mar 2020 07:35:58 GMT" time="13.280" errors="0">
  <testcase name="feature" time="11.958" classname="TestRestRunner.TestRunnerPost"/>
  <testcase name="feature" time="1.322" classname="TestRestRunner.TestRunnerPost"/>
</testsuite> <!-- TestRestRunner.TestRunnerPost -->
