<?xml version="1.0" encoding="UTF-8"?>
<!-- Generated by org.testng.reporters.JUnitReportReporter -->
<testsuite skipped="0" hostname="User" name="TestRestRunner.TestRunnerRest" tests="1" failures="0" timestamp="18 Mar 2020 07:25:56 GMT" time="9.110" errors="0">
  <testcase name="feature" time="9.110" classname="TestRestRunner.TestRunnerRest"/>
</testsuite> <!-- TestRestRunner.TestRunnerRest -->
