<?xml version="1.0" encoding="UTF-8"?>
<!-- Generated by org.testng.reporters.JUnitReportReporter -->
<testsuite skipped="0" hostname="User" name="TestRestRunner.TestRunnerPost" tests="2" failures="0" timestamp="03 Apr 2020 10:36:13 GMT" time="10.502" errors="0">
  <testcase name="feature" time="0.885" classname="TestRestRunner.TestRunnerPost"/>
  <testcase name="feature" time="9.617" classname="TestRestRunner.TestRunnerPost"/>
</testsuite> <!-- TestRestRunner.TestRunnerPost -->
