<?xml version="1.0" encoding="UTF-8"?>
<!-- Generated by org.testng.reporters.JUnitReportReporter -->
<testsuite skipped="0" hostname="User" name="TestRestRunner.TestRunnerRest" tests="2" failures="0" timestamp="03 Apr 2020 10:36:13 GMT" time="1.311" errors="0">
  <testcase name="feature" time="0.532" classname="TestRestRunner.TestRunnerRest"/>
  <testcase name="feature" time="0.779" classname="TestRestRunner.TestRunnerRest"/>
</testsuite> <!-- TestRestRunner.TestRunnerRest -->
